
Traceback (most recent call last):
  File "/home/vboxuser/VSCodeProject/Medicine_Accounting/manage.py", line 26, in <module>
    main()
  File "/home/vboxuser/VSCodeProject/Medicine_Accounting/manage.py", line 22, in main
    execute_from_command_line(sys.argv)
  File "/home/vboxuser/VSCodeProject/myenv_1/lib/python3.12/site-packages/django/core/management/__init__.py", line 442, in execute_from_command_line
    utility.execute()
  File "/home/vboxuser/VSCodeProject/myenv_1/lib/python3.12/site-packages/django/core/management/__init__.py", line 436, in execute
    self.fetch_command(subcommand).run_from_argv(self.argv)
  File "/home/vboxuser/VSCodeProject/myenv_1/lib/python3.12/site-packages/django/core/management/base.py", line 416, in run_from_argv
    self.execute(*args, **cmd_options)
  File "/home/vboxuser/VSCodeProject/myenv_1/lib/python3.12/site-packages/django/core/management/base.py", line 460, in execute
    output = self.handle(*args, **options)
             ^^^^^^^^^^^^^^^^^^^^^^^^^^^^^
  File "/home/vboxuser/VSCodeProject/Medicine_Accounting/myappmedicine/management/commands/mqtt_subscriber.py", line 184, in handle
    asyncio.run(self.start_subscriber())
  File "/usr/lib/python3.12/asyncio/runners.py", line 194, in run
    return runner.run(main)
           ^^^^^^^^^^^^^^^^
  File "/usr/lib/python3.12/asyncio/runners.py", line 118, in run
    return self._loop.run_until_complete(task)
           ^^^^^^^^^^^^^^^^^^^^^^^^^^^^^^^^^^^
  File "/usr/lib/python3.12/asyncio/base_events.py", line 687, in run_until_complete
    return future.result()
           ^^^^^^^^^^^^^^^
  File "/home/vboxuser/VSCodeProject/Medicine_Accounting/myappmedicine/management/commands/mqtt_subscriber.py", line 200, in start_subscriber
    async with Client(MQTT_BROKER, MQTT_PORT, username = MQTT_LOGIN, password = MQTT_PASSWORD, tls_context = context) as client:
  File "/home/vboxuser/VSCodeProject/myenv_1/lib/python3.12/site-packages/aiomqtt/client.py", line 766, in __aenter__
    raise MqttError(str(exc)) from None
aiomqtt.exceptions.MqttError: [Errno 101] Network is unreachable
Traceback (most recent call last):
  File "/home/vboxuser/VSCodeProject/Medicine_Accounting/manage.py", line 26, in <module>
    main()
  File "/home/vboxuser/VSCodeProject/Medicine_Accounting/manage.py", line 22, in main
    execute_from_command_line(sys.argv)
  File "/home/vboxuser/VSCodeProject/myenv_1/lib/python3.12/site-packages/django/core/management/__init__.py", line 442, in execute_from_command_line
    utility.execute()
  File "/home/vboxuser/VSCodeProject/myenv_1/lib/python3.12/site-packages/django/core/management/__init__.py", line 436, in execute
    self.fetch_command(subcommand).run_from_argv(self.argv)
  File "/home/vboxuser/VSCodeProject/myenv_1/lib/python3.12/site-packages/django/core/management/base.py", line 416, in run_from_argv
    self.execute(*args, **cmd_options)
  File "/home/vboxuser/VSCodeProject/myenv_1/lib/python3.12/site-packages/django/core/management/base.py", line 460, in execute
    output = self.handle(*args, **options)
             ^^^^^^^^^^^^^^^^^^^^^^^^^^^^^
  File "/home/vboxuser/VSCodeProject/Medicine_Accounting/myappmedicine/management/commands/mqtt_subscriber.py", line 184, in handle
    asyncio.run(self.start_subscriber())
  File "/usr/lib/python3.12/asyncio/runners.py", line 194, in run
    return runner.run(main)
           ^^^^^^^^^^^^^^^^
  File "/usr/lib/python3.12/asyncio/runners.py", line 118, in run
    return self._loop.run_until_complete(task)
           ^^^^^^^^^^^^^^^^^^^^^^^^^^^^^^^^^^^
  File "/usr/lib/python3.12/asyncio/base_events.py", line 687, in run_until_complete
    return future.result()
           ^^^^^^^^^^^^^^^
  File "/home/vboxuser/VSCodeProject/Medicine_Accounting/myappmedicine/management/commands/mqtt_subscriber.py", line 200, in start_subscriber
    async with Client(MQTT_BROKER, MQTT_PORT, username = MQTT_LOGIN, password = MQTT_PASSWORD, tls_context = context) as client:
  File "/home/vboxuser/VSCodeProject/myenv_1/lib/python3.12/site-packages/aiomqtt/client.py", line 766, in __aenter__
    raise MqttError(str(exc)) from None
aiomqtt.exceptions.MqttError: [Errno 101] Network is unreachable
Traceback (most recent call last):
  File "/home/vboxuser/VSCodeProject/Medicine_Accounting/manage.py", line 26, in <module>
    main()
  File "/home/vboxuser/VSCodeProject/Medicine_Accounting/manage.py", line 22, in main
    execute_from_command_line(sys.argv)
  File "/home/vboxuser/VSCodeProject/myenv_1/lib/python3.12/site-packages/django/core/management/__init__.py", line 442, in execute_from_command_line
    utility.execute()
  File "/home/vboxuser/VSCodeProject/myenv_1/lib/python3.12/site-packages/django/core/management/__init__.py", line 436, in execute
    self.fetch_command(subcommand).run_from_argv(self.argv)
  File "/home/vboxuser/VSCodeProject/myenv_1/lib/python3.12/site-packages/django/core/management/base.py", line 416, in run_from_argv
    self.execute(*args, **cmd_options)
  File "/home/vboxuser/VSCodeProject/myenv_1/lib/python3.12/site-packages/django/core/management/base.py", line 460, in execute
    output = self.handle(*args, **options)
             ^^^^^^^^^^^^^^^^^^^^^^^^^^^^^
  File "/home/vboxuser/VSCodeProject/Medicine_Accounting/myappmedicine/management/commands/mqtt_subscriber.py", line 184, in handle
    asyncio.run(self.start_subscriber())
  File "/usr/lib/python3.12/asyncio/runners.py", line 194, in run
    return runner.run(main)
           ^^^^^^^^^^^^^^^^
  File "/usr/lib/python3.12/asyncio/runners.py", line 118, in run
    return self._loop.run_until_complete(task)
           ^^^^^^^^^^^^^^^^^^^^^^^^^^^^^^^^^^^
  File "/usr/lib/python3.12/asyncio/base_events.py", line 687, in run_until_complete
    return future.result()
           ^^^^^^^^^^^^^^^
  File "/home/vboxuser/VSCodeProject/Medicine_Accounting/myappmedicine/management/commands/mqtt_subscriber.py", line 200, in start_subscriber
    async with Client(MQTT_BROKER, MQTT_PORT, username = MQTT_LOGIN, password = MQTT_PASSWORD, tls_context = context) as client:
  File "/home/vboxuser/VSCodeProject/myenv_1/lib/python3.12/site-packages/aiomqtt/client.py", line 766, in __aenter__
    raise MqttError(str(exc)) from None
aiomqtt.exceptions.MqttError: [Errno 101] Network is unreachable
Traceback (most recent call last):
  File "/home/vboxuser/VSCodeProject/Medicine_Accounting/manage.py", line 26, in <module>
    main()
  File "/home/vboxuser/VSCodeProject/Medicine_Accounting/manage.py", line 22, in main
    execute_from_command_line(sys.argv)
  File "/home/vboxuser/VSCodeProject/myenv_1/lib/python3.12/site-packages/django/core/management/__init__.py", line 442, in execute_from_command_line
    utility.execute()
  File "/home/vboxuser/VSCodeProject/myenv_1/lib/python3.12/site-packages/django/core/management/__init__.py", line 436, in execute
    self.fetch_command(subcommand).run_from_argv(self.argv)
  File "/home/vboxuser/VSCodeProject/myenv_1/lib/python3.12/site-packages/django/core/management/base.py", line 416, in run_from_argv
    self.execute(*args, **cmd_options)
  File "/home/vboxuser/VSCodeProject/myenv_1/lib/python3.12/site-packages/django/core/management/base.py", line 460, in execute
    output = self.handle(*args, **options)
             ^^^^^^^^^^^^^^^^^^^^^^^^^^^^^
  File "/home/vboxuser/VSCodeProject/Medicine_Accounting/myappmedicine/management/commands/mqtt_subscriber.py", line 184, in handle
    asyncio.run(self.start_subscriber())
  File "/usr/lib/python3.12/asyncio/runners.py", line 194, in run
    return runner.run(main)
           ^^^^^^^^^^^^^^^^
  File "/usr/lib/python3.12/asyncio/runners.py", line 118, in run
    return self._loop.run_until_complete(task)
           ^^^^^^^^^^^^^^^^^^^^^^^^^^^^^^^^^^^
  File "/usr/lib/python3.12/asyncio/base_events.py", line 687, in run_until_complete
    return future.result()
           ^^^^^^^^^^^^^^^
  File "/home/vboxuser/VSCodeProject/Medicine_Accounting/myappmedicine/management/commands/mqtt_subscriber.py", line 200, in start_subscriber
    async with Client(MQTT_BROKER, MQTT_PORT, username = MQTT_LOGIN, password = MQTT_PASSWORD, tls_context = context) as client:
  File "/home/vboxuser/VSCodeProject/myenv_1/lib/python3.12/site-packages/aiomqtt/client.py", line 766, in __aenter__
    raise MqttError(str(exc)) from None
aiomqtt.exceptions.MqttError: [Errno 101] Network is unreachable
Traceback (most recent call last):
  File "/home/vboxuser/VSCodeProject/Medicine_Accounting/manage.py", line 26, in <module>
    main()
  File "/home/vboxuser/VSCodeProject/Medicine_Accounting/manage.py", line 22, in main
    execute_from_command_line(sys.argv)
  File "/home/vboxuser/VSCodeProject/myenv_1/lib/python3.12/site-packages/django/core/management/__init__.py", line 442, in execute_from_command_line
    utility.execute()
  File "/home/vboxuser/VSCodeProject/myenv_1/lib/python3.12/site-packages/django/core/management/__init__.py", line 436, in execute
    self.fetch_command(subcommand).run_from_argv(self.argv)
  File "/home/vboxuser/VSCodeProject/myenv_1/lib/python3.12/site-packages/django/core/management/base.py", line 416, in run_from_argv
    self.execute(*args, **cmd_options)
  File "/home/vboxuser/VSCodeProject/myenv_1/lib/python3.12/site-packages/django/core/management/base.py", line 460, in execute
    output = self.handle(*args, **options)
             ^^^^^^^^^^^^^^^^^^^^^^^^^^^^^
  File "/home/vboxuser/VSCodeProject/Medicine_Accounting/myappmedicine/management/commands/mqtt_subscriber.py", line 184, in handle
    asyncio.run(self.start_subscriber())
  File "/usr/lib/python3.12/asyncio/runners.py", line 194, in run
    return runner.run(main)
           ^^^^^^^^^^^^^^^^
  File "/usr/lib/python3.12/asyncio/runners.py", line 118, in run
    return self._loop.run_until_complete(task)
           ^^^^^^^^^^^^^^^^^^^^^^^^^^^^^^^^^^^
  File "/usr/lib/python3.12/asyncio/base_events.py", line 687, in run_until_complete
    return future.result()
           ^^^^^^^^^^^^^^^
  File "/home/vboxuser/VSCodeProject/Medicine_Accounting/myappmedicine/management/commands/mqtt_subscriber.py", line 200, in start_subscriber
    async with Client(MQTT_BROKER, MQTT_PORT, username = MQTT_LOGIN, password = MQTT_PASSWORD, tls_context = context) as client:
  File "/home/vboxuser/VSCodeProject/myenv_1/lib/python3.12/site-packages/aiomqtt/client.py", line 766, in __aenter__
    raise MqttError(str(exc)) from None
aiomqtt.exceptions.MqttError: [Errno 101] Network is unreachable
